c:\users\joela\documents\github\openfresco\win64\lib\debug\experimentaltangentstiff.bsc
c:\users\joela\documents\github\openfresco\win64\obj\experimentaltangentstiff\debug\vc143.pdb
c:\users\joela\documents\github\openfresco\win64\obj\experimentaltangentstiff\debug\etbfgs.sbr
c:\users\joela\documents\github\openfresco\win64\obj\experimentaltangentstiff\debug\etbroyden.sbr
c:\users\joela\documents\github\openfresco\win64\obj\experimentaltangentstiff\debug\ettranspose.sbr
c:\users\joela\documents\github\openfresco\win64\obj\experimentaltangentstiff\debug\experimentaltangentstiff.sbr
c:\users\joela\documents\github\openfresco\win64\obj\experimentaltangentstiff\debug\experimentaltangentstiff.obj
c:\users\joela\documents\github\openfresco\win64\obj\experimentaltangentstiff\debug\ettranspose.obj
c:\users\joela\documents\github\openfresco\win64\obj\experimentaltangentstiff\debug\etbroyden.obj
c:\users\joela\documents\github\openfresco\win64\obj\experimentaltangentstiff\debug\etbfgs.obj
c:\users\joela\documents\github\openfresco\win64\lib\debug\experimentaltangentstiff.lib
c:\users\joela\documents\github\openfresco\win64\obj\experimentaltangentstiff\debug\experime.d7c21cee.tlog\bscmake.command.1.tlog
c:\users\joela\documents\github\openfresco\win64\obj\experimentaltangentstiff\debug\experime.d7c21cee.tlog\bscmake.read.1.tlog
c:\users\joela\documents\github\openfresco\win64\obj\experimentaltangentstiff\debug\experime.d7c21cee.tlog\bscmake.write.1.tlog
c:\users\joela\documents\github\openfresco\win64\obj\experimentaltangentstiff\debug\experime.d7c21cee.tlog\cl.command.1.tlog
c:\users\joela\documents\github\openfresco\win64\obj\experimentaltangentstiff\debug\experime.d7c21cee.tlog\cl.items.tlog
c:\users\joela\documents\github\openfresco\win64\obj\experimentaltangentstiff\debug\experime.d7c21cee.tlog\cl.read.1.tlog
c:\users\joela\documents\github\openfresco\win64\obj\experimentaltangentstiff\debug\experime.d7c21cee.tlog\cl.write.1.tlog
c:\users\joela\documents\github\openfresco\win64\obj\experimentaltangentstiff\debug\experime.d7c21cee.tlog\lib-link.read.1.tlog
c:\users\joela\documents\github\openfresco\win64\obj\experimentaltangentstiff\debug\experime.d7c21cee.tlog\lib-link.write.1.tlog
c:\users\joela\documents\github\openfresco\win64\obj\experimentaltangentstiff\debug\experime.d7c21cee.tlog\lib.command.1.tlog
