c:\users\joela\documents\github\openfresco\win64\lib\debug\experimentalsite.bsc
c:\users\joela\documents\github\openfresco\win64\obj\experimentalsite\debug\vc143.pdb
c:\users\joela\documents\github\openfresco\win64\obj\experimentalsite\debug\actorexpsite.sbr
c:\users\joela\documents\github\openfresco\win64\obj\experimentalsite\debug\experimentalsite.sbr
c:\users\joela\documents\github\openfresco\win64\obj\experimentalsite\debug\localexpsite.sbr
c:\users\joela\documents\github\openfresco\win64\obj\experimentalsite\debug\shadowexpsite.sbr
c:\users\joela\documents\github\openfresco\win64\obj\experimentalsite\debug\shadowexpsite.obj
c:\users\joela\documents\github\openfresco\win64\obj\experimentalsite\debug\localexpsite.obj
c:\users\joela\documents\github\openfresco\win64\obj\experimentalsite\debug\experimentalsite.obj
c:\users\joela\documents\github\openfresco\win64\obj\experimentalsite\debug\actorexpsite.obj
c:\users\joela\documents\github\openfresco\win64\lib\debug\experimentalsite.lib
c:\users\joela\documents\github\openfresco\win64\obj\experimentalsite\debug\experimentalsite.tlog\bscmake.command.1.tlog
c:\users\joela\documents\github\openfresco\win64\obj\experimentalsite\debug\experimentalsite.tlog\bscmake.read.1.tlog
c:\users\joela\documents\github\openfresco\win64\obj\experimentalsite\debug\experimentalsite.tlog\bscmake.write.1.tlog
c:\users\joela\documents\github\openfresco\win64\obj\experimentalsite\debug\experimentalsite.tlog\cl.command.1.tlog
c:\users\joela\documents\github\openfresco\win64\obj\experimentalsite\debug\experimentalsite.tlog\cl.items.tlog
c:\users\joela\documents\github\openfresco\win64\obj\experimentalsite\debug\experimentalsite.tlog\cl.read.1.tlog
c:\users\joela\documents\github\openfresco\win64\obj\experimentalsite\debug\experimentalsite.tlog\cl.write.1.tlog
c:\users\joela\documents\github\openfresco\win64\obj\experimentalsite\debug\experimentalsite.tlog\lib-link.read.1.tlog
c:\users\joela\documents\github\openfresco\win64\obj\experimentalsite\debug\experimentalsite.tlog\lib-link.write.1.tlog
c:\users\joela\documents\github\openfresco\win64\obj\experimentalsite\debug\experimentalsite.tlog\lib.command.1.tlog
