c:\users\joela\documents\github\openfresco\win64\bin\openfrescoexe.bsc
c:\users\joela\documents\github\openfresco\win64\obj\openfrescoexe\debug\vc143.pdb
c:\users\joela\documents\github\openfresco\win64\obj\openfrescoexe\debug\dl_interpreter.sbr
c:\users\joela\documents\github\openfresco\win64\obj\openfrescoexe\debug\expcontrolcommands.sbr
c:\users\joela\documents\github\openfresco\win64\obj\openfrescoexe\debug\expelementcommands.sbr
c:\users\joela\documents\github\openfresco\win64\obj\openfrescoexe\debug\exprecordercommands.sbr
c:\users\joela\documents\github\openfresco\win64\obj\openfrescoexe\debug\expservercommands.sbr
c:\users\joela\documents\github\openfresco\win64\obj\openfrescoexe\debug\expsetupcommands.sbr
c:\users\joela\documents\github\openfresco\win64\obj\openfrescoexe\debug\expsignalfiltercommands.sbr
c:\users\joela\documents\github\openfresco\win64\obj\openfrescoexe\debug\expsitecommands.sbr
c:\users\joela\documents\github\openfresco\win64\obj\openfrescoexe\debug\exptangentstiffcommands.sbr
c:\users\joela\documents\github\openfresco\win64\obj\openfrescoexe\debug\openfrescocommands.sbr
c:\users\joela\documents\github\openfresco\win64\obj\openfrescoexe\debug\openseescrdtransfcommands.sbr
c:\users\joela\documents\github\openfresco\win64\obj\openfrescoexe\debug\openseesuniaxialmaterialcommands.sbr
c:\users\joela\documents\github\openfresco\win64\obj\openfrescoexe\debug\tclinterpreter.sbr
c:\users\joela\documents\github\openfresco\win64\obj\openfrescoexe\debug\tclmain.sbr
c:\users\joela\documents\github\openfresco\win64\obj\openfrescoexe\debug\tclwrapper.sbr
c:\users\joela\documents\github\openfresco\win64\obj\openfrescoexe\debug\tclwrapper.obj
c:\users\joela\documents\github\openfresco\win64\obj\openfrescoexe\debug\tclmain.obj
c:\users\joela\documents\github\openfresco\win64\obj\openfrescoexe\debug\tclinterpreter.obj
c:\users\joela\documents\github\openfresco\win64\obj\openfrescoexe\debug\openseesuniaxialmaterialcommands.obj
c:\users\joela\documents\github\openfresco\win64\obj\openfrescoexe\debug\openseescrdtransfcommands.obj
c:\users\joela\documents\github\openfresco\win64\obj\openfrescoexe\debug\openfrescocommands.obj
c:\users\joela\documents\github\openfresco\win64\obj\openfrescoexe\debug\exptangentstiffcommands.obj
c:\users\joela\documents\github\openfresco\win64\obj\openfrescoexe\debug\expsitecommands.obj
c:\users\joela\documents\github\openfresco\win64\obj\openfrescoexe\debug\expsignalfiltercommands.obj
c:\users\joela\documents\github\openfresco\win64\obj\openfrescoexe\debug\expsetupcommands.obj
c:\users\joela\documents\github\openfresco\win64\obj\openfrescoexe\debug\expservercommands.obj
c:\users\joela\documents\github\openfresco\win64\obj\openfrescoexe\debug\exprecordercommands.obj
c:\users\joela\documents\github\openfresco\win64\obj\openfrescoexe\debug\expelementcommands.obj
c:\users\joela\documents\github\openfresco\win64\obj\openfrescoexe\debug\expcontrolcommands.obj
c:\users\joela\documents\github\openfresco\win64\obj\openfrescoexe\debug\dl_interpreter.obj
c:\users\joela\documents\github\openfresco\win64\bin\openfresco.exe
c:\users\joela\documents\github\openfresco\win64\bin\openfrescoexe.pdb
c:\users\joela\documents\github\openfresco\win64\obj\openfrescoexe\debug\openfrescoexe.res
c:\users\joela\documents\github\openfresco\win64\bin\openfresco.lib
c:\users\joela\documents\github\openfresco\win64\bin\openfresco.exp
c:\users\joela\documents\github\openfresco\win64\obj\openfrescoexe\debug\openfrescoexe.tlog\bscmake.command.1.tlog
c:\users\joela\documents\github\openfresco\win64\obj\openfrescoexe\debug\openfrescoexe.tlog\bscmake.read.1.tlog
c:\users\joela\documents\github\openfresco\win64\obj\openfrescoexe\debug\openfrescoexe.tlog\bscmake.write.1.tlog
c:\users\joela\documents\github\openfresco\win64\obj\openfrescoexe\debug\openfrescoexe.tlog\cl.command.1.tlog
c:\users\joela\documents\github\openfresco\win64\obj\openfrescoexe\debug\openfrescoexe.tlog\cl.items.tlog
c:\users\joela\documents\github\openfresco\win64\obj\openfrescoexe\debug\openfrescoexe.tlog\cl.read.1.tlog
c:\users\joela\documents\github\openfresco\win64\obj\openfrescoexe\debug\openfrescoexe.tlog\cl.write.1.tlog
c:\users\joela\documents\github\openfresco\win64\obj\openfrescoexe\debug\openfrescoexe.tlog\link.command.1.tlog
c:\users\joela\documents\github\openfresco\win64\obj\openfrescoexe\debug\openfrescoexe.tlog\link.read.1.tlog
c:\users\joela\documents\github\openfresco\win64\obj\openfrescoexe\debug\openfrescoexe.tlog\link.secondary.1.tlog
c:\users\joela\documents\github\openfresco\win64\obj\openfrescoexe\debug\openfrescoexe.tlog\link.write.1.tlog
c:\users\joela\documents\github\openfresco\win64\obj\openfrescoexe\debug\openfrescoexe.tlog\rc.command.1.tlog
c:\users\joela\documents\github\openfresco\win64\obj\openfrescoexe\debug\openfrescoexe.tlog\rc.read.1.tlog
c:\users\joela\documents\github\openfresco\win64\obj\openfrescoexe\debug\openfrescoexe.tlog\rc.write.1.tlog
