c:\users\joela\documents\github\openfresco\win64\lib\debug\openseesobjects.bsc
c:\users\joela\documents\github\openfresco\win64\obj\openseesobjects\debug\vc143.pdb
c:\users\joela\documents\github\openfresco\win64\obj\openseesobjects\debug\analysis.sbr
c:\users\joela\documents\github\openfresco\win64\obj\openseesobjects\debug\analysismodel.sbr
c:\users\joela\documents\github\openfresco\win64\obj\openseesobjects\debug\arrayoftaggedobjects.sbr
c:\users\joela\documents\github\openfresco\win64\obj\openseesobjects\debug\arrayoftaggedobjectsiter.sbr
c:\users\joela\documents\github\openfresco\win64\obj\openseesobjects\debug\beamfibermaterial.sbr
c:\users\joela\documents\github\openfresco\win64\obj\openseesobjects\debug\beamfibermaterial2d.sbr
c:\users\joela\documents\github\openfresco\win64\obj\openseesobjects\debug\binaryfilestream.sbr
c:\users\joela\documents\github\openfresco\win64\obj\openseesobjects\debug\channel.sbr
c:\users\joela\documents\github\openfresco\win64\obj\openseesobjects\debug\constrainthandler.sbr
c:\users\joela\documents\github\openfresco\win64\obj\openseesobjects\debug\crdtransf.sbr
c:\users\joela\documents\github\openfresco\win64\obj\openseesobjects\debug\crdtransfresponse.sbr
c:\users\joela\documents\github\openfresco\win64\obj\openseesobjects\debug\datafilestream.sbr
c:\users\joela\documents\github\openfresco\win64\obj\openseesobjects\debug\dof_group.sbr
c:\users\joela\documents\github\openfresco\win64\obj\openseesobjects\debug\dof_grpiter.sbr
c:\users\joela\documents\github\openfresco\win64\obj\openseesobjects\debug\domain.sbr
c:\users\joela\documents\github\openfresco\win64\obj\openseesobjects\debug\domaincomponent.sbr
c:\users\joela\documents\github\openfresco\win64\obj\openseesobjects\debug\dummystream.sbr
c:\users\joela\documents\github\openfresco\win64\obj\openseesobjects\debug\eigensoe.sbr
c:\users\joela\documents\github\openfresco\win64\obj\openseesobjects\debug\eigensolver.sbr
c:\users\joela\documents\github\openfresco\win64\obj\openseesobjects\debug\element.sbr
c:\users\joela\documents\github\openfresco\win64\obj\openseesobjects\debug\element.obj
c:\users\joela\documents\github\openfresco\win64\obj\openseesobjects\debug\eigensolver.obj
c:\users\joela\documents\github\openfresco\win64\obj\openseesobjects\debug\eigensoe.obj
c:\users\joela\documents\github\openfresco\win64\obj\openseesobjects\debug\dummystream.obj
c:\users\joela\documents\github\openfresco\win64\obj\openseesobjects\debug\domaincomponent.obj
c:\users\joela\documents\github\openfresco\win64\obj\openseesobjects\debug\domain.obj
c:\users\joela\documents\github\openfresco\win64\obj\openseesobjects\debug\dof_grpiter.obj
c:\users\joela\documents\github\openfresco\win64\obj\openseesobjects\debug\dof_group.obj
c:\users\joela\documents\github\openfresco\win64\obj\openseesobjects\debug\datafilestream.obj
c:\users\joela\documents\github\openfresco\win64\obj\openseesobjects\debug\crdtransfresponse.obj
c:\users\joela\documents\github\openfresco\win64\obj\openseesobjects\debug\crdtransf.obj
c:\users\joela\documents\github\openfresco\win64\obj\openseesobjects\debug\constrainthandler.obj
c:\users\joela\documents\github\openfresco\win64\obj\openseesobjects\debug\channel.obj
c:\users\joela\documents\github\openfresco\win64\obj\openseesobjects\debug\binaryfilestream.obj
c:\users\joela\documents\github\openfresco\win64\obj\openseesobjects\debug\beamfibermaterial2d.obj
c:\users\joela\documents\github\openfresco\win64\obj\openseesobjects\debug\beamfibermaterial.obj
c:\users\joela\documents\github\openfresco\win64\obj\openseesobjects\debug\arrayoftaggedobjectsiter.obj
c:\users\joela\documents\github\openfresco\win64\obj\openseesobjects\debug\arrayoftaggedobjects.obj
c:\users\joela\documents\github\openfresco\win64\obj\openseesobjects\debug\analysismodel.obj
c:\users\joela\documents\github\openfresco\win64\obj\openseesobjects\debug\analysis.obj
c:\users\joela\documents\github\openfresco\win64\obj\openseesobjects\debug\elementalload.sbr
c:\users\joela\documents\github\openfresco\win64\obj\openseesobjects\debug\elementalloaditer.sbr
c:\users\joela\documents\github\openfresco\win64\obj\openseesobjects\debug\elementresponse.sbr
c:\users\joela\documents\github\openfresco\win64\obj\openseesobjects\debug\fem_objectbroker.sbr
c:\users\joela\documents\github\openfresco\win64\obj\openseesobjects\debug\fe_datastore.sbr
c:\users\joela\documents\github\openfresco\win64\obj\openseesobjects\debug\fe_eleiter.sbr
c:\users\joela\documents\github\openfresco\win64\obj\openseesobjects\debug\fe_element.sbr
c:\users\joela\documents\github\openfresco\win64\obj\openseesobjects\debug\fiberresponse.sbr
c:\users\joela\documents\github\openfresco\win64\obj\openseesobjects\debug\file.sbr
c:\users\joela\documents\github\openfresco\win64\obj\openseesobjects\debug\fileiter.sbr
c:\users\joela\documents\github\openfresco\win64\obj\openseesobjects\debug\frictionmodel.sbr
c:\users\joela\documents\github\openfresco\win64\obj\openseesobjects\debug\frictionresponse.sbr
c:\users\joela\documents\github\openfresco\win64\obj\openseesobjects\debug\graph.sbr
c:\users\joela\documents\github\openfresco\win64\obj\openseesobjects\debug\id.sbr
c:\users\joela\documents\github\openfresco\win64\obj\openseesobjects\debug\incrementalintegrator.sbr
c:\users\joela\documents\github\openfresco\win64\obj\openseesobjects\debug\information.sbr
c:\users\joela\documents\github\openfresco\win64\obj\openseesobjects\debug\integrator.sbr
c:\users\joela\documents\github\openfresco\win64\obj\openseesobjects\debug\linearsoe.sbr
c:\users\joela\documents\github\openfresco\win64\obj\openseesobjects\debug\linearsoesolver.sbr
c:\users\joela\documents\github\openfresco\win64\obj\openseesobjects\debug\load.sbr
c:\users\joela\documents\github\openfresco\win64\obj\openseesobjects\debug\load.obj
c:\users\joela\documents\github\openfresco\win64\obj\openseesobjects\debug\linearsoesolver.obj
c:\users\joela\documents\github\openfresco\win64\obj\openseesobjects\debug\linearsoe.obj
c:\users\joela\documents\github\openfresco\win64\obj\openseesobjects\debug\integrator.obj
c:\users\joela\documents\github\openfresco\win64\obj\openseesobjects\debug\information.obj
c:\users\joela\documents\github\openfresco\win64\obj\openseesobjects\debug\incrementalintegrator.obj
c:\users\joela\documents\github\openfresco\win64\obj\openseesobjects\debug\id.obj
c:\users\joela\documents\github\openfresco\win64\obj\openseesobjects\debug\graph.obj
c:\users\joela\documents\github\openfresco\win64\obj\openseesobjects\debug\frictionresponse.obj
c:\users\joela\documents\github\openfresco\win64\obj\openseesobjects\debug\frictionmodel.obj
c:\users\joela\documents\github\openfresco\win64\obj\openseesobjects\debug\fileiter.obj
c:\users\joela\documents\github\openfresco\win64\obj\openseesobjects\debug\file.obj
c:\users\joela\documents\github\openfresco\win64\obj\openseesobjects\debug\fiberresponse.obj
c:\users\joela\documents\github\openfresco\win64\obj\openseesobjects\debug\fe_element.obj
c:\users\joela\documents\github\openfresco\win64\obj\openseesobjects\debug\fe_eleiter.obj
c:\users\joela\documents\github\openfresco\win64\obj\openseesobjects\debug\fe_datastore.obj
c:\users\joela\documents\github\openfresco\win64\obj\openseesobjects\debug\fem_objectbroker.obj
c:\users\joela\documents\github\openfresco\win64\obj\openseesobjects\debug\elementresponse.obj
c:\users\joela\documents\github\openfresco\win64\obj\openseesobjects\debug\elementalloaditer.obj
c:\users\joela\documents\github\openfresco\win64\obj\openseesobjects\debug\elementalload.obj
c:\users\joela\documents\github\openfresco\win64\obj\openseesobjects\debug\loadpatterniter.sbr
c:\users\joela\documents\github\openfresco\win64\obj\openseesobjects\debug\mapoftaggedobjects.sbr
c:\users\joela\documents\github\openfresco\win64\obj\openseesobjects\debug\mapoftaggedobjectsiter.sbr
c:\users\joela\documents\github\openfresco\win64\obj\openseesobjects\debug\material.sbr
c:\users\joela\documents\github\openfresco\win64\obj\openseesobjects\debug\materialresponse.sbr
c:\users\joela\documents\github\openfresco\win64\obj\openseesobjects\debug\matrix.sbr
c:\users\joela\documents\github\openfresco\win64\obj\openseesobjects\debug\message.sbr
c:\users\joela\documents\github\openfresco\win64\obj\openseesobjects\debug\movableobject.sbr
c:\users\joela\documents\github\openfresco\win64\obj\openseesobjects\debug\mp_constraint.sbr
c:\users\joela\documents\github\openfresco\win64\obj\openseesobjects\debug\ndmaterial.sbr
c:\users\joela\documents\github\openfresco\win64\obj\openseesobjects\debug\nodalload.sbr
c:\users\joela\documents\github\openfresco\win64\obj\openseesobjects\debug\nodalloaditer.sbr
c:\users\joela\documents\github\openfresco\win64\obj\openseesobjects\debug\node.sbr
c:\users\joela\documents\github\openfresco\win64\obj\openseesobjects\debug\objectbroker.sbr
c:\users\joela\documents\github\openfresco\win64\obj\openseesobjects\debug\ops_stream.sbr
c:\users\joela\documents\github\openfresco\win64\obj\openseesobjects\debug\parameter.sbr
c:\users\joela\documents\github\openfresco\win64\obj\openseesobjects\debug\planestrainmaterial.sbr
c:\users\joela\documents\github\openfresco\win64\obj\openseesobjects\debug\planestressmaterial.sbr
c:\users\joela\documents\github\openfresco\win64\obj\openseesobjects\debug\platefibermaterial.sbr
c:\users\joela\documents\github\openfresco\win64\obj\openseesobjects\debug\pressure_constraint.sbr
c:\users\joela\documents\github\openfresco\win64\obj\openseesobjects\debug\pressure_constraint.obj
c:\users\joela\documents\github\openfresco\win64\obj\openseesobjects\debug\platefibermaterial.obj
c:\users\joela\documents\github\openfresco\win64\obj\openseesobjects\debug\planestressmaterial.obj
c:\users\joela\documents\github\openfresco\win64\obj\openseesobjects\debug\planestrainmaterial.obj
c:\users\joela\documents\github\openfresco\win64\obj\openseesobjects\debug\parameter.obj
c:\users\joela\documents\github\openfresco\win64\obj\openseesobjects\debug\ops_stream.obj
c:\users\joela\documents\github\openfresco\win64\obj\openseesobjects\debug\objectbroker.obj
c:\users\joela\documents\github\openfresco\win64\obj\openseesobjects\debug\node.obj
c:\users\joela\documents\github\openfresco\win64\obj\openseesobjects\debug\nodalloaditer.obj
c:\users\joela\documents\github\openfresco\win64\obj\openseesobjects\debug\nodalload.obj
c:\users\joela\documents\github\openfresco\win64\obj\openseesobjects\debug\ndmaterial.obj
c:\users\joela\documents\github\openfresco\win64\obj\openseesobjects\debug\mp_constraint.obj
c:\users\joela\documents\github\openfresco\win64\obj\openseesobjects\debug\movableobject.obj
c:\users\joela\documents\github\openfresco\win64\obj\openseesobjects\debug\message.obj
c:\users\joela\documents\github\openfresco\win64\obj\openseesobjects\debug\matrix.obj
c:\users\joela\documents\github\openfresco\win64\obj\openseesobjects\debug\materialresponse.obj
c:\users\joela\documents\github\openfresco\win64\obj\openseesobjects\debug\material.obj
c:\users\joela\documents\github\openfresco\win64\obj\openseesobjects\debug\mapoftaggedobjectsiter.obj
c:\users\joela\documents\github\openfresco\win64\obj\openseesobjects\debug\mapoftaggedobjects.obj
c:\users\joela\documents\github\openfresco\win64\obj\openseesobjects\debug\loadpatterniter.obj
c:\users\joela\documents\github\openfresco\win64\obj\openseesobjects\debug\recorder.sbr
c:\users\joela\documents\github\openfresco\win64\obj\openseesobjects\debug\renderer.sbr
c:\users\joela\documents\github\openfresco\win64\obj\openseesobjects\debug\response.sbr
c:\users\joela\documents\github\openfresco\win64\obj\openseesobjects\debug\sectionforcedeformation.sbr
c:\users\joela\documents\github\openfresco\win64\obj\openseesobjects\debug\simulationinformation.sbr
c:\users\joela\documents\github\openfresco\win64\obj\openseesobjects\debug\singledomallsp_iter.sbr
c:\users\joela\documents\github\openfresco\win64\obj\openseesobjects\debug\singledomeleiter.sbr
c:\users\joela\documents\github\openfresco\win64\obj\openseesobjects\debug\singledommp_iter.sbr
c:\users\joela\documents\github\openfresco\win64\obj\openseesobjects\debug\singledomnoditer.sbr
c:\users\joela\documents\github\openfresco\win64\obj\openseesobjects\debug\singledomparamiter.sbr
c:\users\joela\documents\github\openfresco\win64\obj\openseesobjects\debug\singledompc_iter.sbr
c:\users\joela\documents\github\openfresco\win64\obj\openseesobjects\debug\singledomsp_iter.sbr
c:\users\joela\documents\github\openfresco\win64\obj\openseesobjects\debug\solutionalgorithm.sbr
c:\users\joela\documents\github\openfresco\win64\obj\openseesobjects\debug\sp_constraint.sbr
c:\users\joela\documents\github\openfresco\win64\obj\openseesobjects\debug\standardstream.sbr
c:\users\joela\documents\github\openfresco\win64\obj\openseesobjects\debug\staticintegrator.sbr
c:\users\joela\documents\github\openfresco\win64\obj\openseesobjects\debug\stringcontainer.sbr
c:\users\joela\documents\github\openfresco\win64\obj\openseesobjects\debug\subdomain.sbr
c:\users\joela\documents\github\openfresco\win64\obj\openseesobjects\debug\subdomainnoditer.sbr
c:\users\joela\documents\github\openfresco\win64\obj\openseesobjects\debug\taggedobject.sbr
c:\users\joela\documents\github\openfresco\win64\obj\openseesobjects\debug\taggedobject.obj
c:\users\joela\documents\github\openfresco\win64\obj\openseesobjects\debug\subdomainnoditer.obj
c:\users\joela\documents\github\openfresco\win64\obj\openseesobjects\debug\subdomain.obj
c:\users\joela\documents\github\openfresco\win64\obj\openseesobjects\debug\stringcontainer.obj
c:\users\joela\documents\github\openfresco\win64\obj\openseesobjects\debug\staticintegrator.obj
c:\users\joela\documents\github\openfresco\win64\obj\openseesobjects\debug\standardstream.obj
c:\users\joela\documents\github\openfresco\win64\obj\openseesobjects\debug\sp_constraint.obj
c:\users\joela\documents\github\openfresco\win64\obj\openseesobjects\debug\solutionalgorithm.obj
c:\users\joela\documents\github\openfresco\win64\obj\openseesobjects\debug\singledomsp_iter.obj
c:\users\joela\documents\github\openfresco\win64\obj\openseesobjects\debug\singledompc_iter.obj
c:\users\joela\documents\github\openfresco\win64\obj\openseesobjects\debug\singledomparamiter.obj
c:\users\joela\documents\github\openfresco\win64\obj\openseesobjects\debug\singledomnoditer.obj
c:\users\joela\documents\github\openfresco\win64\obj\openseesobjects\debug\singledommp_iter.obj
c:\users\joela\documents\github\openfresco\win64\obj\openseesobjects\debug\singledomeleiter.obj
c:\users\joela\documents\github\openfresco\win64\obj\openseesobjects\debug\singledomallsp_iter.obj
c:\users\joela\documents\github\openfresco\win64\obj\openseesobjects\debug\simulationinformation.obj
c:\users\joela\documents\github\openfresco\win64\obj\openseesobjects\debug\sectionforcedeformation.obj
c:\users\joela\documents\github\openfresco\win64\obj\openseesobjects\debug\response.obj
c:\users\joela\documents\github\openfresco\win64\obj\openseesobjects\debug\renderer.obj
c:\users\joela\documents\github\openfresco\win64\obj\openseesobjects\debug\recorder.obj
c:\users\joela\documents\github\openfresco\win64\obj\openseesobjects\debug\transientintegrator.sbr
c:\users\joela\documents\github\openfresco\win64\obj\openseesobjects\debug\uniaxialmaterial.sbr
c:\users\joela\documents\github\openfresco\win64\obj\openseesobjects\debug\vector.sbr
c:\users\joela\documents\github\openfresco\win64\obj\openseesobjects\debug\vertex.sbr
c:\users\joela\documents\github\openfresco\win64\obj\openseesobjects\debug\vertexiter.sbr
c:\users\joela\documents\github\openfresco\win64\obj\openseesobjects\debug\actor.sbr
c:\users\joela\documents\github\openfresco\win64\obj\openseesobjects\debug\bandgenlinlapacksolver.sbr
c:\users\joela\documents\github\openfresco\win64\obj\openseesobjects\debug\bandgenlinsoe.sbr
c:\users\joela\documents\github\openfresco\win64\obj\openseesobjects\debug\bandgenlinsolver.sbr
c:\users\joela\documents\github\openfresco\win64\obj\openseesobjects\debug\convergencetest.sbr
c:\users\joela\documents\github\openfresco\win64\obj\openseesobjects\debug\corotcrdtransf2d.sbr
c:\users\joela\documents\github\openfresco\win64\obj\openseesobjects\debug\corotcrdtransf3d.sbr
c:\users\joela\documents\github\openfresco\win64\obj\openseesobjects\debug\corotcrdtransfwarping3d.sbr
c:\users\joela\documents\github\openfresco\win64\obj\openseesobjects\debug\ctestnormdispincr.sbr
c:\users\joela\documents\github\openfresco\win64\obj\openseesobjects\debug\databasestream.sbr
c:\users\joela\documents\github\openfresco\win64\obj\openseesobjects\debug\datafilestreamadd.sbr
c:\users\joela\documents\github\openfresco\win64\obj\openseesobjects\debug\directintegrationanalysis.sbr
c:\users\joela\documents\github\openfresco\win64\obj\openseesobjects\debug\dof_numberer.sbr
c:\users\joela\documents\github\openfresco\win64\obj\openseesobjects\debug\equisolnalgo.sbr
c:\users\joela\documents\github\openfresco\win64\obj\openseesobjects\debug\hystereticbackbone.sbr
c:\users\joela\documents\github\openfresco\win64\obj\openseesobjects\debug\hystereticbackbone.obj
c:\users\joela\documents\github\openfresco\win64\obj\openseesobjects\debug\equisolnalgo.obj
c:\users\joela\documents\github\openfresco\win64\obj\openseesobjects\debug\dof_numberer.obj
c:\users\joela\documents\github\openfresco\win64\obj\openseesobjects\debug\directintegrationanalysis.obj
c:\users\joela\documents\github\openfresco\win64\obj\openseesobjects\debug\datafilestreamadd.obj
c:\users\joela\documents\github\openfresco\win64\obj\openseesobjects\debug\databasestream.obj
c:\users\joela\documents\github\openfresco\win64\obj\openseesobjects\debug\ctestnormdispincr.obj
c:\users\joela\documents\github\openfresco\win64\obj\openseesobjects\debug\corotcrdtransfwarping3d.obj
c:\users\joela\documents\github\openfresco\win64\obj\openseesobjects\debug\corotcrdtransf3d.obj
c:\users\joela\documents\github\openfresco\win64\obj\openseesobjects\debug\corotcrdtransf2d.obj
c:\users\joela\documents\github\openfresco\win64\obj\openseesobjects\debug\convergencetest.obj
c:\users\joela\documents\github\openfresco\win64\obj\openseesobjects\debug\bandgenlinsolver.obj
c:\users\joela\documents\github\openfresco\win64\obj\openseesobjects\debug\bandgenlinsoe.obj
c:\users\joela\documents\github\openfresco\win64\obj\openseesobjects\debug\bandgenlinlapacksolver.obj
c:\users\joela\documents\github\openfresco\win64\obj\openseesobjects\debug\actor.obj
c:\users\joela\documents\github\openfresco\win64\obj\openseesobjects\debug\vertexiter.obj
c:\users\joela\documents\github\openfresco\win64\obj\openseesobjects\debug\vertex.obj
c:\users\joela\documents\github\openfresco\win64\obj\openseesobjects\debug\vector.obj
c:\users\joela\documents\github\openfresco\win64\obj\openseesobjects\debug\uniaxialmaterial.obj
c:\users\joela\documents\github\openfresco\win64\obj\openseesobjects\debug\transientintegrator.obj
c:\users\joela\documents\github\openfresco\win64\obj\openseesobjects\debug\limitcurve.sbr
c:\users\joela\documents\github\openfresco\win64\obj\openseesobjects\debug\linearcrdtransf2d.sbr
c:\users\joela\documents\github\openfresco\win64\obj\openseesobjects\debug\linearcrdtransf3d.sbr
c:\users\joela\documents\github\openfresco\win64\obj\openseesobjects\debug\linearseries.sbr
c:\users\joela\documents\github\openfresco\win64\obj\openseesobjects\debug\linesearch.sbr
c:\users\joela\documents\github\openfresco\win64\obj\openseesobjects\debug\loadcontrol.sbr
c:\users\joela\documents\github\openfresco\win64\obj\openseesobjects\debug\loadpattern.sbr
c:\users\joela\documents\github\openfresco\win64\obj\openseesobjects\debug\materialstate.sbr
c:\users\joela\documents\github\openfresco\win64\obj\openseesobjects\debug\newtonlinesearch.sbr
c:\users\joela\documents\github\openfresco\win64\obj\openseesobjects\debug\newtonraphson.sbr
c:\users\joela\documents\github\openfresco\win64\obj\openseesobjects\debug\pdeltacrdtransf2d.sbr
c:\users\joela\documents\github\openfresco\win64\obj\openseesobjects\debug\pdeltacrdtransf3d.sbr
c:\users\joela\documents\github\openfresco\win64\obj\openseesobjects\debug\penaltyconstrainthandler.sbr
c:\users\joela\documents\github\openfresco\win64\obj\openseesobjects\debug\penaltymp_fe.sbr
c:\users\joela\documents\github\openfresco\win64\obj\openseesobjects\debug\penaltysp_fe.sbr
c:\users\joela\documents\github\openfresco\win64\obj\openseesobjects\debug\plainnumberer.sbr
c:\users\joela\documents\github\openfresco\win64\obj\openseesobjects\debug\regulafalsilinesearch.sbr
c:\users\joela\documents\github\openfresco\win64\obj\openseesobjects\debug\shadow.sbr
c:\users\joela\documents\github\openfresco\win64\obj\openseesobjects\debug\socket.sbr
c:\users\joela\documents\github\openfresco\win64\obj\openseesobjects\debug\staticanalysis.sbr
c:\users\joela\documents\github\openfresco\win64\obj\openseesobjects\debug\staticanalysis.obj
c:\users\joela\documents\github\openfresco\win64\obj\openseesobjects\debug\socket.obj
c:\users\joela\documents\github\openfresco\win64\obj\openseesobjects\debug\shadow.obj
c:\users\joela\documents\github\openfresco\win64\obj\openseesobjects\debug\regulafalsilinesearch.obj
c:\users\joela\documents\github\openfresco\win64\obj\openseesobjects\debug\plainnumberer.obj
c:\users\joela\documents\github\openfresco\win64\obj\openseesobjects\debug\penaltysp_fe.obj
c:\users\joela\documents\github\openfresco\win64\obj\openseesobjects\debug\penaltymp_fe.obj
c:\users\joela\documents\github\openfresco\win64\obj\openseesobjects\debug\penaltyconstrainthandler.obj
c:\users\joela\documents\github\openfresco\win64\obj\openseesobjects\debug\pdeltacrdtransf3d.obj
c:\users\joela\documents\github\openfresco\win64\obj\openseesobjects\debug\pdeltacrdtransf2d.obj
c:\users\joela\documents\github\openfresco\win64\obj\openseesobjects\debug\newtonraphson.obj
c:\users\joela\documents\github\openfresco\win64\obj\openseesobjects\debug\newtonlinesearch.obj
c:\users\joela\documents\github\openfresco\win64\obj\openseesobjects\debug\materialstate.obj
c:\users\joela\documents\github\openfresco\win64\obj\openseesobjects\debug\loadpattern.obj
c:\users\joela\documents\github\openfresco\win64\obj\openseesobjects\debug\loadcontrol.obj
c:\users\joela\documents\github\openfresco\win64\obj\openseesobjects\debug\linesearch.obj
c:\users\joela\documents\github\openfresco\win64\obj\openseesobjects\debug\linearseries.obj
c:\users\joela\documents\github\openfresco\win64\obj\openseesobjects\debug\linearcrdtransf3d.obj
c:\users\joela\documents\github\openfresco\win64\obj\openseesobjects\debug\linearcrdtransf2d.obj
c:\users\joela\documents\github\openfresco\win64\obj\openseesobjects\debug\limitcurve.obj
c:\users\joela\documents\github\openfresco\win64\obj\openseesobjects\debug\stiffnessdegradation.sbr
c:\users\joela\documents\github\openfresco\win64\obj\openseesobjects\debug\strengthdegradation.sbr
c:\users\joela\documents\github\openfresco\win64\obj\openseesobjects\debug\tcp_socket.sbr
c:\users\joela\documents\github\openfresco\win64\obj\openseesobjects\debug\tcp_socketssl.sbr
c:\users\joela\documents\github\openfresco\win64\obj\openseesobjects\debug\tcp_stream.sbr
c:\users\joela\documents\github\openfresco\win64\obj\openseesobjects\debug\timer.sbr
c:\users\joela\documents\github\openfresco\win64\obj\openseesobjects\debug\timeseries.sbr
c:\users\joela\documents\github\openfresco\win64\obj\openseesobjects\debug\transientanalysis.sbr
c:\users\joela\documents\github\openfresco\win64\obj\openseesobjects\debug\udp_socket.sbr
c:\users\joela\documents\github\openfresco\win64\obj\openseesobjects\debug\unloadingrule.sbr
c:\users\joela\documents\github\openfresco\win64\obj\openseesobjects\debug\variabletimestepdirectintegrationanalysis.sbr
c:\users\joela\documents\github\openfresco\win64\obj\openseesobjects\debug\xmlfilestream.sbr
c:\users\joela\documents\github\openfresco\win64\obj\openseesobjects\debug\xmlfilestream.obj
c:\users\joela\documents\github\openfresco\win64\obj\openseesobjects\debug\variabletimestepdirectintegrationanalysis.obj
c:\users\joela\documents\github\openfresco\win64\obj\openseesobjects\debug\unloadingrule.obj
c:\users\joela\documents\github\openfresco\win64\obj\openseesobjects\debug\udp_socket.obj
c:\users\joela\documents\github\openfresco\win64\obj\openseesobjects\debug\transientanalysis.obj
c:\users\joela\documents\github\openfresco\win64\obj\openseesobjects\debug\timeseries.obj
c:\users\joela\documents\github\openfresco\win64\obj\openseesobjects\debug\timer.obj
c:\users\joela\documents\github\openfresco\win64\obj\openseesobjects\debug\tcp_stream.obj
c:\users\joela\documents\github\openfresco\win64\obj\openseesobjects\debug\tcp_socketssl.obj
c:\users\joela\documents\github\openfresco\win64\obj\openseesobjects\debug\tcp_socket.obj
c:\users\joela\documents\github\openfresco\win64\obj\openseesobjects\debug\strengthdegradation.obj
c:\users\joela\documents\github\openfresco\win64\obj\openseesobjects\debug\stiffnessdegradation.obj
c:\users\joela\documents\github\openfresco\win64\lib\debug\openseesobjects.lib
c:\users\joela\documents\github\openfresco\win64\obj\openseesobjects\debug\openseesobjects.tlog\bscmake.command.1.tlog
c:\users\joela\documents\github\openfresco\win64\obj\openseesobjects\debug\openseesobjects.tlog\bscmake.read.1.tlog
c:\users\joela\documents\github\openfresco\win64\obj\openseesobjects\debug\openseesobjects.tlog\bscmake.write.1.tlog
c:\users\joela\documents\github\openfresco\win64\obj\openseesobjects\debug\openseesobjects.tlog\cl.command.1.tlog
c:\users\joela\documents\github\openfresco\win64\obj\openseesobjects\debug\openseesobjects.tlog\cl.items.tlog
c:\users\joela\documents\github\openfresco\win64\obj\openseesobjects\debug\openseesobjects.tlog\cl.read.1.tlog
c:\users\joela\documents\github\openfresco\win64\obj\openseesobjects\debug\openseesobjects.tlog\cl.write.1.tlog
c:\users\joela\documents\github\openfresco\win64\obj\openseesobjects\debug\openseesobjects.tlog\lib-link.read.1.tlog
c:\users\joela\documents\github\openfresco\win64\obj\openseesobjects\debug\openseesobjects.tlog\lib-link.write.1.tlog
c:\users\joela\documents\github\openfresco\win64\obj\openseesobjects\debug\openseesobjects.tlog\lib.command.1.tlog
