  Analysis.cpp
  AnalysisModel.cpp
  ArrayOfTaggedObjects.cpp
  ArrayOfTaggedObjectsIter.cpp
  BeamFiberMaterial.cpp
  BeamFiberMaterial2d.cpp
  BinaryFileStream.cpp
  Channel.cpp
  ConstraintHandler.cpp
  CrdTransf.cpp
  CrdTransfResponse.cpp
  DataFileStream.cpp
  DOF_Group.cpp
  DOF_GrpIter.cpp
  Domain.cpp
  DomainComponent.cpp
  DummyStream.cpp
  EigenSOE.cpp
  EigenSolver.cpp
  Element.cpp
  Generating Code...
  Compiling...
  ElementalLoad.cpp
  ElementalLoadIter.cpp
  ElementResponse.cpp
  FEM_ObjectBroker.cpp
  FE_Datastore.cpp
  FE_EleIter.cpp
  FE_Element.cpp
  FiberResponse.cpp
  File.cpp
  FileIter.cpp
  FrictionModel.cpp
  FrictionResponse.cpp
  Graph.cpp
  ID.cpp
  IncrementalIntegrator.cpp
  Information.cpp
  Integrator.cpp
  LinearSOE.cpp
  LinearSOESolver.cpp
  Load.cpp
  Generating Code...
  Compiling...
  LoadPatternIter.cpp
  MapOfTaggedObjects.cpp
  MapOfTaggedObjectsIter.cpp
  Material.cpp
  MaterialResponse.cpp
  Matrix.cpp
  Message.cpp
  MovableObject.cpp
  MP_Constraint.cpp
  NDMaterial.cpp
  NodalLoad.cpp
  NodalLoadIter.cpp
  Node.cpp
  ObjectBroker.cpp
  OPS_Stream.cpp
  Parameter.cpp
  PlaneStrainMaterial.cpp
  PlaneStressMaterial.cpp
  PlateFiberMaterial.cpp
  Pressure_Constraint.cpp
  Generating Code...
  Compiling...
  Recorder.cpp
  Renderer.cpp
  Response.cpp
  SectionForceDeformation.cpp
  SimulationInformation.cpp
  SingleDomAllSP_Iter.cpp
  SingleDomEleIter.cpp
  SingleDomMP_Iter.cpp
  SingleDomNodIter.cpp
  SingleDomParamIter.cpp
  SingleDomPC_Iter.cpp
  SingleDomSP_Iter.cpp
  SolutionAlgorithm.cpp
  SP_Constraint.cpp
  StandardStream.cpp
  StaticIntegrator.cpp
  StringContainer.cpp
  Subdomain.cpp
  SubdomainNodIter.cpp
  TaggedObject.cpp
  Generating Code...
  Compiling...
  TransientIntegrator.cpp
  UniaxialMaterial.cpp
  Vector.cpp
  Vertex.cpp
  VertexIter.cpp
  Actor.cpp
  BandGenLinLapackSolver.cpp
  BandGenLinSOE.cpp
  BandGenLinSolver.cpp
  ConvergenceTest.cpp
  CorotCrdTransf2d.cpp
  CorotCrdTransf3d.cpp
  CorotCrdTransfWarping3d.cpp
  CTestNormDispIncr.cpp
  DatabaseStream.cpp
  DataFileStreamAdd.cpp
  DirectIntegrationAnalysis.cpp
  DOF_Numberer.cpp
  EquiSolnAlgo.cpp
  HystereticBackbone.cpp
  Generating Code...
  Compiling...
  LimitCurve.cpp
  LinearCrdTransf2d.cpp
  LinearCrdTransf3d.cpp
  LinearSeries.cpp
  LineSearch.cpp
  LoadControl.cpp
  LoadPattern.cpp
  MaterialState.cpp
  NewtonLineSearch.cpp
  NewtonRaphson.cpp
  PDeltaCrdTransf2d.cpp
  PDeltaCrdTransf3d.cpp
  PenaltyConstraintHandler.cpp
  PenaltyMP_FE.cpp
  PenaltySP_FE.cpp
  PlainNumberer.cpp
  RegulaFalsiLineSearch.cpp
  Shadow.cpp
  Socket.cpp
  StaticAnalysis.cpp
  Generating Code...
  Compiling...
  StiffnessDegradation.cpp
  StrengthDegradation.cpp
  TCP_Socket.cpp
  TCP_SocketSSL.cpp
  TCP_Stream.cpp
  Timer.cpp
  TimeSeries.cpp
  TransientAnalysis.cpp
  UDP_Socket.cpp
  UnloadingRule.cpp
  VariableTimeStepDirectIntegrationAnalysis.cpp
  XmlFileStream.cpp
  Generating Code...
  openseesObjects.vcxproj -> C:\Users\joela\Documents\GitHub\OpenFresco\WIN64\lib\debug\openseesObjects.lib
